<?xml version="1.0" encoding="UTF-8"?>
<!-- Generated by org.testng.reporters.JUnitReportReporter -->
<testsuite hostname="DESKTOP-Q372INJ" failures="0" tests="1" name="pomdemo.com.tutorialsninja.test.LoginTest" time="5.840" errors="0" timestamp="2024-02-25T23:59:34 IST" skipped="0">
  <testcase classname="pomdemo.com.tutorialsninja.test.LoginTest" name="loginWithValidUserNameAndPassword" time="5.840"/>
</testsuite> <!-- pomdemo.com.tutorialsninja.test.LoginTest -->
